1,1001.ctl,
1,1001.ctl,
1,1001.ctl,
1,1001.ctl,
1,1001.ctl,
1,1001.ctl,
1,1001.ctl,
1,1001.ctl,
1,1001.ctl,
1,1001.ctl,
1,1001.ctl,
1,1001.ctl,
1,1001.ctl,
1,1001.ctl,
1,1001.ctl,
1,1001.ctl,
1,1001.ctl,
1,1001.ctl,
1,1001.ctl,
1,1001.ctl,
1,1001.ctl,
1,1001.ctl,
1,1001.ctl,
1,1001.ctl,
1,1001.ctl,
1,1001.ctl,
1,1001.ctl,
1,1001.ctl,
1,1001.ctl,
1,1001.ctl,
1,1001.ctl,
1,1001.ctl,
1,1001.ctl,
1,1001.ctl,
1,1001.ctl,
1,1001.ctl,
1,1001.ctl,
1,1001.ctl,
1,1001.ctl,
1,1001.ctl,
1,1001.ctl,
1,1001.ctl,
1,1001.ctl,
1,1001.ctl,
1,1001.ctl,
1,1001.ctl,
1,1001.ctl,
1,1001.ctl,
1,1001.ctl,
1,1001.ctl,
1,1001.ctl,
1,1001.ctl,
1,1001.ctl,
1,1001.ctl,
1,1001.ctl,
1,1001.ctl,
1,1001.ctl,
1,1001.ctl,
1,1001.ctl,
1,1001.ctl,
1,1001.ctl,
1,1001.ctl,
1,1001.ctl,
1,1001.ctl,
1,1001.ctl,
1,1001.ctl,
1,1001.ctl,
1,1001.ctl,
1,1001.ctl,
1,1001.ctl,
1,1001.ctl,
1,1001.ctl,
1,1001.ctl,
1,1001.ctl,
1,1001.ctl,
1,1001.ctl,
1,1001.ctl,
1,1001.ctl,
1,1001.ctl,
1,1001.ctl,
1,1001.ctl,
1,1001.ctl,
1,1001.ctl,
1,1001.ctl,
1,1001.ctl,
1,1001.ctl,
1,1001.ctl,
1,1001.ctl,
1,1001.ctl,
1,1001.ctl,
1,1001.ctl,
1,1001.ctl,
1,1001.ctl,
1,1001.ctl,
1,1001.ctl,
1,1001.ctl,
1,1001.ctl,
1,1001.ctl,
1,1001.ctl,
