Fri May  3 20:37:44 UTC 2019
$PROB RUN# 101

$INPUT C ID TIME EVID AMT CMT SS II ADDL DV

$DATA ../1001.csv IGNORE=C

$SUBROUTINES ADVAN2 TRANS2

$PK

TVCL=THETA(1)
CL=TVCL*EXP(ETA(1))

TVV2=THETA(2)
V=TVV2*EXP(ETA(2))

TVKA=THETA(3)
KA=TVKA*EXP(ETA(3))

S2 = V

$ERROR

IPRED=F

CP = A(2)/V

Y=IPRED*EXP(ERR(1))


$THETA
(1.1,   FIX) ;; CL
(20,    FIX) ;; V
(1.5,   FIX) ;; KA

$OMEGA
1 FIX
1 FIX
1 FIX

$SIGMA
0.00 FIX

$TABLE FILE=TAB ID TIME IPRED CP DV PRED NOPRINT ONEHEADER NOAPPEND

$SIMULATION (2674) ONLYSIMULATION


NM-TRAN MESSAGES
  
 WARNINGS AND ERRORS (IF ANY) FOR PROBLEM    1
             
 (WARNING  2) NM-TRAN INFERS THAT THE DATA ARE POPULATION.

 (DATA WARNING   2) RECORD         1, DATA ITEM  10, CONTENTS:  
 THE NUMBER OF DATA ITEMS SPECIFIED IN $INPUT EXCEEDS THE NUMBER OF VALUES
 IN A RECORD OF THE NM-TRAN DATA FILE. NULLS WERE SUPPLIED FOR MISSING
 VALUES, STARTING WITH THE ABOVE NUMBERED DATA ITEM.

 (DATA WARNING   2) RECORD         2, DATA ITEM  10, CONTENTS:  
 THE NUMBER OF DATA ITEMS SPECIFIED IN $INPUT EXCEEDS THE NUMBER OF VALUES
 IN A RECORD OF THE NM-TRAN DATA FILE. NULLS WERE SUPPLIED FOR MISSING
 VALUES, STARTING WITH THE ABOVE NUMBERED DATA ITEM.

 (DATA WARNING   2) RECORD         3, DATA ITEM  10, CONTENTS:  
 THE NUMBER OF DATA ITEMS SPECIFIED IN $INPUT EXCEEDS THE NUMBER OF VALUES
 IN A RECORD OF THE NM-TRAN DATA FILE. NULLS WERE SUPPLIED FOR MISSING
 VALUES, STARTING WITH THE ABOVE NUMBERED DATA ITEM.

 (DATA WARNING   2) RECORD         4, DATA ITEM  10, CONTENTS:  
 THE NUMBER OF DATA ITEMS SPECIFIED IN $INPUT EXCEEDS THE NUMBER OF VALUES
 IN A RECORD OF THE NM-TRAN DATA FILE. NULLS WERE SUPPLIED FOR MISSING
 VALUES, STARTING WITH THE ABOVE NUMBERED DATA ITEM.

 (DATA WARNING   2) RECORD         5, DATA ITEM  10, CONTENTS:  
 THE NUMBER OF DATA ITEMS SPECIFIED IN $INPUT EXCEEDS THE NUMBER OF VALUES
 IN A RECORD OF THE NM-TRAN DATA FILE. NULLS WERE SUPPLIED FOR MISSING
 VALUES, STARTING WITH THE ABOVE NUMBERED DATA ITEM.

 (DATA WARNING   2) RECORD         6, DATA ITEM  10, CONTENTS:  
 THE NUMBER OF DATA ITEMS SPECIFIED IN $INPUT EXCEEDS THE NUMBER OF VALUES
 IN A RECORD OF THE NM-TRAN DATA FILE. NULLS WERE SUPPLIED FOR MISSING
 VALUES, STARTING WITH THE ABOVE NUMBERED DATA ITEM.

 (DATA WARNING   2) RECORD         7, DATA ITEM  10, CONTENTS:  
 THE NUMBER OF DATA ITEMS SPECIFIED IN $INPUT EXCEEDS THE NUMBER OF VALUES
 IN A RECORD OF THE NM-TRAN DATA FILE. NULLS WERE SUPPLIED FOR MISSING
 VALUES, STARTING WITH THE ABOVE NUMBERED DATA ITEM.

 (DATA WARNING   2) RECORD         8, DATA ITEM  10, CONTENTS:  
 THE NUMBER OF DATA ITEMS SPECIFIED IN $INPUT EXCEEDS THE NUMBER OF VALUES
 IN A RECORD OF THE NM-TRAN DATA FILE. NULLS WERE SUPPLIED FOR MISSING
 VALUES, STARTING WITH THE ABOVE NUMBERED DATA ITEM.

 (DATA WARNING   2) RECORD         9, DATA ITEM  10, CONTENTS:  
 THE NUMBER OF DATA ITEMS SPECIFIED IN $INPUT EXCEEDS THE NUMBER OF VALUES
 IN A RECORD OF THE NM-TRAN DATA FILE. NULLS WERE SUPPLIED FOR MISSING
 VALUES, STARTING WITH THE ABOVE NUMBERED DATA ITEM.

 (DATA WARNING   2) RECORD        10, DATA ITEM  10, CONTENTS:  
 THE NUMBER OF DATA ITEMS SPECIFIED IN $INPUT EXCEEDS THE NUMBER OF VALUES
 IN A RECORD OF THE NM-TRAN DATA FILE. NULLS WERE SUPPLIED FOR MISSING
 VALUES, STARTING WITH THE ABOVE NUMBERED DATA ITEM.

 (DATA WARNING   2) RECORD        11, DATA ITEM  10, CONTENTS:  
 THE NUMBER OF DATA ITEMS SPECIFIED IN $INPUT EXCEEDS THE NUMBER OF VALUES
 IN A RECORD OF THE NM-TRAN DATA FILE. NULLS WERE SUPPLIED FOR MISSING
 VALUES, STARTING WITH THE ABOVE NUMBERED DATA ITEM.

 (DATA WARNING   2) RECORD        12, DATA ITEM  10, CONTENTS:  
 THE NUMBER OF DATA ITEMS SPECIFIED IN $INPUT EXCEEDS THE NUMBER OF VALUES
 IN A RECORD OF THE NM-TRAN DATA FILE. NULLS WERE SUPPLIED FOR MISSING
 VALUES, STARTING WITH THE ABOVE NUMBERED DATA ITEM.

 (DATA WARNING   2) RECORD        13, DATA ITEM  10, CONTENTS:  
 THE NUMBER OF DATA ITEMS SPECIFIED IN $INPUT EXCEEDS THE NUMBER OF VALUES
 IN A RECORD OF THE NM-TRAN DATA FILE. NULLS WERE SUPPLIED FOR MISSING
 VALUES, STARTING WITH THE ABOVE NUMBERED DATA ITEM.

 (DATA WARNING   2) RECORD        14, DATA ITEM  10, CONTENTS:  
 THE NUMBER OF DATA ITEMS SPECIFIED IN $INPUT EXCEEDS THE NUMBER OF VALUES
 IN A RECORD OF THE NM-TRAN DATA FILE. NULLS WERE SUPPLIED FOR MISSING
 VALUES, STARTING WITH THE ABOVE NUMBERED DATA ITEM.

 (DATA WARNING   2) RECORD        15, DATA ITEM  10, CONTENTS:  
 THE NUMBER OF DATA ITEMS SPECIFIED IN $INPUT EXCEEDS THE NUMBER OF VALUES
 IN A RECORD OF THE NM-TRAN DATA FILE. NULLS WERE SUPPLIED FOR MISSING
 VALUES, STARTING WITH THE ABOVE NUMBERED DATA ITEM.

 (DATA WARNING   2) RECORD        16, DATA ITEM  10, CONTENTS:  
 THE NUMBER OF DATA ITEMS SPECIFIED IN $INPUT EXCEEDS THE NUMBER OF VALUES
 IN A RECORD OF THE NM-TRAN DATA FILE. NULLS WERE SUPPLIED FOR MISSING
 VALUES, STARTING WITH THE ABOVE NUMBERED DATA ITEM.

 (DATA WARNING   2) RECORD        17, DATA ITEM  10, CONTENTS:  
 THE NUMBER OF DATA ITEMS SPECIFIED IN $INPUT EXCEEDS THE NUMBER OF VALUES
 IN A RECORD OF THE NM-TRAN DATA FILE. NULLS WERE SUPPLIED FOR MISSING
 VALUES, STARTING WITH THE ABOVE NUMBERED DATA ITEM.

 (DATA WARNING   2) RECORD        18, DATA ITEM  10, CONTENTS:  
 THE NUMBER OF DATA ITEMS SPECIFIED IN $INPUT EXCEEDS THE NUMBER OF VALUES
 IN A RECORD OF THE NM-TRAN DATA FILE. NULLS WERE SUPPLIED FOR MISSING
 VALUES, STARTING WITH THE ABOVE NUMBERED DATA ITEM.

 (DATA WARNING   2) RECORD        19, DATA ITEM  10, CONTENTS:  
 THE NUMBER OF DATA ITEMS SPECIFIED IN $INPUT EXCEEDS THE NUMBER OF VALUES
 IN A RECORD OF THE NM-TRAN DATA FILE. NULLS WERE SUPPLIED FOR MISSING
 VALUES, STARTING WITH THE ABOVE NUMBERED DATA ITEM.

 (DATA WARNING   2) RECORD        20, DATA ITEM  10, CONTENTS:  
 THE NUMBER OF DATA ITEMS SPECIFIED IN $INPUT EXCEEDS THE NUMBER OF VALUES
 IN A RECORD OF THE NM-TRAN DATA FILE. NULLS WERE SUPPLIED FOR MISSING
 VALUES, STARTING WITH THE ABOVE NUMBERED DATA ITEM.*

 * THE MAXIMUM NUMBER OF WARNINGS OF ONE OR MORE TYPES WAS REACHED.
 IT IS POSSIBLE THAT SOME WARNING MESSAGES WERE SUPPRESSED.

License Registered to: Metrum Research Group
Expiration Date:    14 JUL 2019
Current Date:        3 MAY 2019
Days until program expires :  71
1NONLINEAR MIXED EFFECTS MODEL PROGRAM (NONMEM) VERSION 7.4.3
 ORIGINALLY DEVELOPED BY STUART BEAL, LEWIS SHEINER, AND ALISON BOECKMANN
 CURRENT DEVELOPERS ARE ROBERT BAUER, ICON DEVELOPMENT SOLUTIONS,
 AND ALISON BOECKMANN. IMPLEMENTATION, EFFICIENCY, AND STANDARDIZATION
 PERFORMED BY NOUS INFOSYSTEMS.

 PROBLEM NO.:         1
 RUN# 101
0DATA CHECKOUT RUN:              NO
 DATA SET LOCATED ON UNIT NO.:    2
 THIS UNIT TO BE REWOUND:        NO
 NO. OF DATA RECS IN DATA SET:       50
 NO. OF DATA ITEMS IN DATA SET:  11
 ID DATA ITEM IS DATA ITEM NO.:   2
 DEP VARIABLE IS DATA ITEM NO.:  10
 MDV DATA ITEM IS DATA ITEM NO.: 11
0INDICES PASSED TO SUBROUTINE PRED:
   4   3   5   0   7   8   6   0   0   0   9
0LABELS FOR DATA ITEMS:
 C ID TIME EVID AMT CMT SS II ADDL DV MDV
0(NONBLANK) LABELS FOR PRED-DEFINED ITEMS:
 IPRED CP
0FORMAT FOR DATA:
 (10E5.0,1F2.0)

 TOT. NO. OF OBS RECS:       49
 TOT. NO. OF INDIVIDUALS:        1
0LENGTH OF THETA:   3
0DEFAULT THETA BOUNDARY TEST OMITTED:    NO
0OMEGA HAS SIMPLE DIAGONAL FORM WITH DIMENSION:   3
0DEFAULT OMEGA BOUNDARY TEST OMITTED:    NO
0SIGMA HAS SIMPLE DIAGONAL FORM WITH DIMENSION:   1
0DEFAULT SIGMA BOUNDARY TEST OMITTED:    NO
0INITIAL ESTIMATE OF THETA:
 LOWER BOUND    INITIAL EST    UPPER BOUND
  0.1100E+01     0.1100E+01     0.1100E+01
  0.2000E+02     0.2000E+02     0.2000E+02
  0.1500E+01     0.1500E+01     0.1500E+01
0INITIAL ESTIMATE OF OMEGA:
 0.1000E+01
 0.0000E+00   0.1000E+01
 0.0000E+00   0.0000E+00   0.1000E+01
0OMEGA CONSTRAINED TO BE THIS INITIAL ESTIMATE
0INITIAL ESTIMATE OF SIGMA:
 0.0000E+00
0SIGMA CONSTRAINED TO BE THIS INITIAL ESTIMATE
0SIMULATION STEP OMITTED:    NO
 OBJ FUNC EVALUATED:         NO
 ORIGINAL DATA USED ON EACH NEW SIMULATION:         NO
 SEEDS RESET ON EACH NEW SUPERSET ITERATION:        YES
0SIMULATION RANDOM METHOD SELECTED (RANMETHOD): 4U
SEED   1 RESET TO INITIAL: YES
 SOURCE   1:
   SEED1:          2674   SEED2:             0   PSEUDO-NORMAL
0WARNING: NO. OF OBS RECS IN INDIVIDUAL REC NO.      1 (IN INDIVIDUAL
 REC ORDERING) EXCEEDS ONE WHILE INITIAL ESTIMATE OF WITHIN INDIVIDUAL VARIANCE IS ZERO
0TABLES STEP OMITTED:    NO
 NO. OF TABLES:           1
 SEED NUMBER (SEED):    11456
 RANMETHOD:             3U
 MC SAMPLES (ESAMPLE):    300
 WRES SQUARE ROOT TYPE (WRESCHOL): EIGENVALUE
0-- TABLE   1 --
0RECORDS ONLY:    ALL
04 COLUMNS APPENDED:    NO
 PRINTED:                NO
 HEADER:                YES
 FILE TO BE FORWARDED:   NO
 FORMAT:                S1PE11.4
 LFORMAT:
 RFORMAT:
 FIXED_EFFECT_ETAS:
0USER-CHOSEN ITEMS:
 ID TIME IPRED CP DV PRED
1DOUBLE PRECISION PREDPP VERSION 7.4.3

 ONE COMPARTMENT MODEL WITH FIRST-ORDER ABSORPTION (ADVAN2)
0MAXIMUM NO. OF BASIC PK PARAMETERS:   3
0BASIC PK PARAMETERS (AFTER TRANSLATION):
   ELIMINATION RATE (K) IS BASIC PK PARAMETER NO.:  1
   ABSORPTION RATE (KA) IS BASIC PK PARAMETER NO.:  3

 TRANSLATOR WILL CONVERT PARAMETERS
 CLEARANCE (CL) AND VOLUME (V) TO K (TRANS2)
0COMPARTMENT ATTRIBUTES
 COMPT. NO.   FUNCTION   INITIAL    ON/OFF      DOSE      DEFAULT    DEFAULT
                         STATUS     ALLOWED    ALLOWED    FOR DOSE   FOR OBS.
    1         DEPOT        OFF        YES        YES        YES        NO
    2         CENTRAL      ON         NO         YES        NO         YES
    3         OUTPUT       OFF        YES        NO         NO         NO
1
 ADDITIONAL PK PARAMETERS - ASSIGNMENT OF ROWS IN GG
 COMPT. NO.                             INDICES
              SCALE      BIOAVAIL.   ZERO-ORDER  ZERO-ORDER  ABSORB
                         FRACTION    RATE        DURATION    LAG
    1            *           *           *           *           *
    2            4           *           *           *           *
    3            *           -           -           -           -
             - PARAMETER IS NOT ALLOWED FOR THIS MODEL
             * PARAMETER IS NOT SUPPLIED BY PK SUBROUTINE;
               WILL DEFAULT TO ONE IF APPLICABLE
0DATA ITEM INDICES USED BY PRED ARE:
   EVENT ID DATA ITEM IS DATA ITEM NO.:      4
   TIME DATA ITEM IS DATA ITEM NO.:          3
   DOSE AMOUNT DATA ITEM IS DATA ITEM NO.:   5
   STEADY STATE DATA ITEM IS DATA ITEM NO.:  7
   INTERVAL DATA ITEM IS DATA ITEM NO.:      8
   ADDL. DOSES DATA ITEM IS DATA ITEM NO.:   9
   COMPT. NO. DATA ITEM IS DATA ITEM NO.:    6

0PK SUBROUTINE CALLED WITH EVERY EVENT RECORD.
 PK SUBROUTINE NOT CALLED AT NONEVENT (ADDITIONAL OR LAGGED) DOSE TIMES.
0ERROR SUBROUTINE CALLED WITH EVERY EVENT RECORD.
0ERROR SUBROUTINE INDICATES THAT DERIVATIVES OF COMPARTMENT AMOUNTS ARE USED.
1
 SIMULATION STEP PERFORMED
 SOURCE  1:
    SEED1:     216661711   SEED2:    1057381357
 Elapsed simulation  time in seconds:     0.00
 ESTIMATION STEP OMITTED:                 YES
 Elapsed finaloutput time in seconds:     0.01
 #CPUT: Total CPU Time in Seconds,        0.017
Stop Time:
Fri May  3 20:37:48 UTC 2019
